Mon Nov 05 15:22:19 EST 2018 : Apache Derby Network Server - 10.13.1.1 - (Unversioned directory) started and ready to accept connections on port 1527
----------------------------------------------------------------
Mon Nov 05 15:22:19 EST 2018:
Booting Derby version The Apache Software Foundation - Apache Derby - 10.13.1.1 - (Unversioned directory): instance a816c00e-0166-e58a-3f51-ffffa268ad3e 
on database directory C:\Users\sarth\OneDrive - University of Pittsburgh\University\Course Work\Fall 2018\INFSCI 2560 Web Technologies and Standards\Assignment.Three\dbms\account_app with class loader sun.misc.Launcher$AppClassLoader@1d44bcfa 
Loaded from file:/C:/Program%20Files/Java/glassfish5/javadb/lib/derby.jar
java.vendor=Oracle Corporation
java.runtime.version=1.8.0_181-b13
user.dir=C:\Program Files\Java\glassfish5\javadb
os.name=Windows 10
os.arch=amd64
os.version=10.0
derby.system.home=C:\Users\sarth\OneDrive - University of Pittsburgh\University\Course Work\Fall 2018\INFSCI 2560 Web Technologies and Standards\Assignment.Three\dbms
Database Class Loader started - derby.database.classpath=''
----------------------------------------------------------------
Mon Nov 05 15:40:47 EST 2018: Shutting down Derby engine
----------------------------------------------------------------
Mon Nov 05 15:40:47 EST 2018:
Shutting down instance a816c00e-0166-e58a-3f51-ffffa268ad3e on database directory C:\Users\sarth\OneDrive - University of Pittsburgh\University\Course Work\Fall 2018\INFSCI 2560 Web Technologies and Standards\Assignment.Three\dbms\account_app with class loader sun.misc.Launcher$AppClassLoader@1d44bcfa 
----------------------------------------------------------------
